c:\users\dylan\desktop\foggs - opengl\foggs - opengl\debug\vc142.pdb
c:\users\dylan\desktop\foggs - opengl\foggs - opengl\debug\vc142.idb
c:\users\dylan\desktop\foggs - opengl\foggs - opengl\debug\texture2d.obj
c:\users\dylan\desktop\foggs - opengl\foggs - opengl\debug\gamescreencubefield.obj
c:\users\dylan\desktop\foggs - opengl\foggs - opengl\debug\sceneobject.obj
c:\users\dylan\desktop\foggs - opengl\foggs - opengl\debug\screen.obj
c:\users\dylan\desktop\foggs - opengl\foggs - opengl\debug\meshloader.obj
c:\users\dylan\desktop\foggs - opengl\foggs - opengl\debug\cube.obj
c:\users\dylan\desktop\foggs - opengl\foggs - opengl\debug\main.obj
c:\users\dylan\desktop\foggs - opengl\foggs - opengl\debug\glutcallbacks.obj
c:\users\dylan\desktop\foggs - opengl\foggs - opengl\debug\gamescreenmenu.obj
c:\users\dylan\desktop\foggs - opengl\foggs - opengl\debug\gamescreenmanager.obj
c:\users\dylan\desktop\foggs - opengl\foggs - opengl\debug\gamescreenobjloader.obj
c:\users\dylan\desktop\foggs - opengl\foggs - opengl\debug\modelobj.obj
c:\users\dylan\desktop\foggs - opengl\debug\foggs - opengl.exe
c:\users\dylan\desktop\foggs - opengl\debug\foggs - opengl.ilk
c:\users\dylan\desktop\foggs - opengl\debug\foggs - opengl.pdb
c:\users\dylan\desktop\foggs - opengl\foggs - opengl\debug\foggs - opengl.tlog\cl.command.1.tlog
c:\users\dylan\desktop\foggs - opengl\foggs - opengl\debug\foggs - opengl.tlog\cl.read.1.tlog
c:\users\dylan\desktop\foggs - opengl\foggs - opengl\debug\foggs - opengl.tlog\cl.write.1.tlog
c:\users\dylan\desktop\foggs - opengl\foggs - opengl\debug\foggs - opengl.tlog\link.command.1.tlog
c:\users\dylan\desktop\foggs - opengl\foggs - opengl\debug\foggs - opengl.tlog\link.read.1.tlog
c:\users\dylan\desktop\foggs - opengl\foggs - opengl\debug\foggs - opengl.tlog\link.write.1.tlog
